<?xml version="1.0" encoding="UTF-8"?>
<!-- Generated by org.testng.reporters.JUnitReportReporter -->
<testsuite skipped="0" hostname="DESKTOP-HBPR9D6" name="com.app.qa.tests.AddCustomerPagetest" tests="7" failures="0" timestamp="24 Apr 2020 14:28:27 GMT" time="154.397" errors="0">
  <testcase name="addNewCustomerDetails" time="22.005" classname="com.app.qa.tests.AddCustomerPagetest"/>
  <testcase name="addNewCustomerDetails" time="25.395" classname="com.app.qa.tests.AddCustomerPagetest"/>
  <testcase name="addNewCustomerDetails" time="23.269" classname="com.app.qa.tests.AddCustomerPagetest"/>
  <testcase name="addNewCustomerDetails" time="21.920" classname="com.app.qa.tests.AddCustomerPagetest"/>
  <testcase name="addNewCustomerDetails" time="20.387" classname="com.app.qa.tests.AddCustomerPagetest"/>
  <testcase name="addNewCustomerDetails" time="21.649" classname="com.app.qa.tests.AddCustomerPagetest"/>
  <testcase name="customerPagetitleTest" time="19.772" classname="com.app.qa.tests.AddCustomerPagetest"/>
</testsuite> <!-- com.app.qa.tests.AddCustomerPagetest -->
