<?xml version="1.0" encoding="UTF-8"?>
<!-- Generated by org.testng.reporters.JUnitReportReporter -->
<testsuite skipped="0" hostname="DESKTOP-HBPR9D6" name="com.app.qa.tests.LoginPageTest" tests="3" failures="0" timestamp="28 Apr 2020 01:57:17 GMT" time="49.223" errors="0">
  <testcase name="loginTest" time="17.347" classname="com.app.qa.tests.LoginPageTest"/>
  <testcase name="pageTitleTest" time="14.796" classname="com.app.qa.tests.LoginPageTest"/>
  <testcase name="bankNameTest" time="17.080" classname="com.app.qa.tests.LoginPageTest"/>
</testsuite> <!-- com.app.qa.tests.LoginPageTest -->
