<?xml version="1.0" encoding="UTF-8"?>
<!-- Generated by org.testng.reporters.JUnitReportReporter -->
<testsuite name="Test.AdminLoginTest" tests="1" time="22.172" ignored="0" failures="0" timestamp="03 Jun 2020 02:34:11 GMT" skipped="0" hostname="DESKTOP-HBPR9D6" errors="0">
  <testcase name="adminlogin" time="22.172" classname="Test.AdminLoginTest"/>
</testsuite> <!-- Test.AdminLoginTest -->
