<?xml version="1.0" encoding="UTF-8"?>
<!-- Generated by org.testng.reporters.JUnitReportReporter -->
<testsuite skipped="0" hostname="DESKTOP-HBPR9D6" name="com.app.qa.tests.ManagerHomePageTest" tests="3" failures="0" timestamp="24 Apr 2020 14:31:36 GMT" time="49.576" errors="0">
  <testcase name="homePageTitleTest" time="16.731" classname="com.app.qa.tests.ManagerHomePageTest"/>
  <testcase name="managerIdVerificationTest" time="15.360" classname="com.app.qa.tests.ManagerHomePageTest"/>
  <testcase name="addCustomerTest" time="17.485" classname="com.app.qa.tests.ManagerHomePageTest"/>
</testsuite> <!-- com.app.qa.tests.ManagerHomePageTest -->
